<?xml version="1.0" encoding="UTF-8"?>
<!-- Generated by org.testng.reporters.JUnitReportReporter -->
<testsuite hostname="LAPTOP-2LL6TAB5" failures="0" tests="6" name="shopingCartFinalProject" time="148.039" errors="0" timestamp="2022-11-04T23:50:16 IST" skipped="0">
  <testcase classname="shopingCartFinalProject" name="getResult" time="0.009"/>
  <system-out/>
  <testcase classname="shopingCartFinalProject" name="allureResults" time="0.007"/>
  <system-out/>
  <testcase classname="shopingCartFinalProject" name="TestShopping" time="35.175"/>
  <system-out/>
  <testcase classname="shopingCartFinalProject" name="fillCheckOutForm" time="39.361"/>
  <system-out/>
  <testcase classname="shopingCartFinalProject" name="TestShopping" time="37.041"/>
  <system-out/>
  <testcase classname="shopingCartFinalProject" name="TestShopping" time="36.446"/>
  <system-out/>
</testsuite> <!-- shopingCartFinalProject -->
